#
# There is insufficient memory for the Java Runtime Environment to continue.
# Native memory allocation (mmap) failed to map 266338304 bytes for G1 virtual space
# Possible reasons:
#   The system is out of physical RAM or swap space
#   The process is running with CompressedOops enabled, and the Java Heap may be blocking the growth of the native heap
# Possible solutions:
#   Reduce memory load on the system
#   Increase physical memory or swap space
#   Check if swap backing store is full
#   Decrease Java heap size (-Xmx/-Xms)
#   Decrease number of Java threads
#   Decrease Java thread stack sizes (-Xss)
#   Set larger code cache with -XX:ReservedCodeCacheSize=
#   JVM is running with Zero Based Compressed Oops mode in which the Java heap is
#     placed in the first 32GB address space. The Java Heap base address is the
#     maximum limit for the native heap growth. Please use -XX:HeapBaseMinAddress
#     to set the Java Heap base and to place the Java Heap above 32GB virtual address.
# This output file may be truncated or incomplete.
#
#  Out of Memory Error (os_windows.cpp:3535), pid=33864, tid=40404
#
# JRE version:  (17.0.4.1+1) (build )
# Java VM: Java HotSpot(TM) 64-Bit Server VM (17.0.4.1+1-LTS-2, mixed mode, emulated-client, sharing, tiered, compressed oops, compressed class ptrs, g1 gc, windows-amd64)
# No core dump will be written. Minidumps are not enabled by default on client versions of Windows
#

---------------  S U M M A R Y ------------

Command Line: -XX:TieredStopAtLevel=1 -Dspring.output.ansi.enabled=always -Dcom.sun.management.jmxremote -Dspring.jmx.enabled=true -Dspring.liveBeansView.mbeanDomain -Dspring.application.admin.enabled=true -javaagent:D:\Tools\IDEA\IntelliJ IDEA 2022.2.2\lib\idea_rt.jar=63194:D:\Tools\IDEA\IntelliJ IDEA 2022.2.2\bin -Dfile.encoding=UTF-8 com.chen.ServiceSysApplication

Host: 11th Gen Intel(R) Core(TM) i7-1165G7 @ 2.80GHz, 8 cores, 15G,  Windows 11 , 64 bit Build 22000 (10.0.22000.2124)
Time: Sat Jul 29 16:43:59 2023  Windows 11 , 64 bit Build 22000 (10.0.22000.2124) elapsed time: 0.020518 seconds (0d 0h 0m 0s)

---------------  T H R E A D  ---------------

Current thread (0x00000212f5392ca0):  JavaThread "Unknown thread" [_thread_in_vm, id=40404, stack(0x0000002dd0f00000,0x0000002dd1000000)]

Stack: [0x0000002dd0f00000,0x0000002dd1000000]
Native frames: (J=compiled Java code, j=interpreted, Vv=VM code, C=native code)
V  [jvm.dll+0x6723ba]
V  [jvm.dll+0x7d1e34]
V  [jvm.dll+0x7d35de]
V  [jvm.dll+0x7d3c43]
V  [jvm.dll+0x243065]
V  [jvm.dll+0x66f2d9]
V  [jvm.dll+0x663c22]
V  [jvm.dll+0x3011cb]
V  [jvm.dll+0x308766]
V  [jvm.dll+0x35846e]
V  [jvm.dll+0x35869f]
V  [jvm.dll+0x2d83e8]
V  [jvm.dll+0x2d9354]
V  [jvm.dll+0x7a3911]
V  [jvm.dll+0x3662c1]
V  [jvm.dll+0x782d7c]
V  [jvm.dll+0x3e8c1f]
V  [jvm.dll+0x3ea6c1]
C  [jli.dll+0x527b]
C  [ucrtbase.dll+0x26c0c]
C  [KERNEL32.DLL+0x155a0]
C  [ntdll.dll+0x485b]


---------------  P R O C E S S  ---------------

Threads class SMR info:
_java_thread_list=0x00007ffa5ca9a858, length=0, elements={
}

Java Threads: ( => current thread )

Other Threads:
  0x00000212f53ff590 GCTaskThread "GC Thread#0" [stack: 0x0000002dd1000000,0x0000002dd1100000] [id=41312]
  0x00000212f54102c0 ConcurrentGCThread "G1 Main Marker" [stack: 0x0000002dd1100000,0x0000002dd1200000] [id=42456]
  0x00000212f5411470 ConcurrentGCThread "G1 Conc#0" [stack: 0x0000002dd1200000,0x0000002dd1300000] [id=13488]

[error occurred during error reporting (printing all threads), id 0xc0000005, EXCEPTION_ACCESS_VIOLATION (0xc0000005) at pc=0x00007ffa5c2e8dd7]

VM state: not at safepoint (not fully initialized)

VM Mutex/Monitor currently owned by a thread:  ([mutex/lock_event])
[0x00000212f53906b0] Heap_lock - owner thread: 0x00000212f5392ca0

Heap address: 0x0000000703600000, size: 4042 MB, Compressed Oops mode: Zero based, Oop shift amount: 3

CDS archive(s) mapped at: [0x0000000000000000-0x0000000000000000-0x0000000000000000), size 0, SharedBaseAddress: 0x0000000800000000, ArchiveRelocationMode: 0.
Narrow klass base: 0x0000000000000000, Narrow klass shift: 0, Narrow klass range: 0x0

GC Precious Log:
<Empty>

Heap:
 garbage-first heap   total 0K, used 0K [0x0000000703600000, 0x0000000800000000)
  region size 2048K, 0 young (0K), 0 survivors (0K)

[error occurred during error reporting (printing heap information), id 0xc0000005, EXCEPTION_ACCESS_VIOLATION (0xc0000005) at pc=0x00007ffa5c6cb869]

GC Heap History (0 events):
No events

Deoptimization events (0 events):
No events

Classes unloaded (0 events):
No events

Classes redefined (0 events):
No events

Internal exceptions (0 events):
No events

VM Operations (0 events):
No events

Events (1 events):
Event: 0.012 Loaded shared library C:\Program Files\Java\jdk-17.0.4.1\bin\java.dll


Dynamic libraries:
0x00007ff760790000 - 0x00007ff7607a0000 	C:\Program Files\Java\jdk-17.0.4.1\bin\java.exe
0x00007ffac1c60000 - 0x00007ffac1e69000 	C:\WINDOWS\SYSTEM32\ntdll.dll
0x00007ffac1330000 - 0x00007ffac13ee000 	C:\WINDOWS\System32\KERNEL32.DLL
0x00007ffabf660000 - 0x00007ffabf9e4000 	C:\WINDOWS\System32\KERNELBASE.dll
0x00007ffabf4d0000 - 0x00007ffabf5e1000 	C:\WINDOWS\System32\ucrtbase.dll
0x00007ffaba4e0000 - 0x00007ffaba4f8000 	C:\Program Files\Java\jdk-17.0.4.1\bin\jli.dll
0x00007ffac0330000 - 0x00007ffac03df000 	C:\WINDOWS\System32\ADVAPI32.dll
0x00007ffaba5c0000 - 0x00007ffaba5da000 	C:\Program Files\Java\jdk-17.0.4.1\bin\VCRUNTIME140.dll
0x00007ffac0280000 - 0x00007ffac0323000 	C:\WINDOWS\System32\msvcrt.dll
0x00007ffac0e70000 - 0x00007ffac0f0e000 	C:\WINDOWS\System32\sechost.dll
0x00007ffabfbf0000 - 0x00007ffabfd11000 	C:\WINDOWS\System32\RPCRT4.dll
0x00007ffac14f0000 - 0x00007ffac169d000 	C:\WINDOWS\System32\USER32.dll
0x00007ffabf0f0000 - 0x00007ffabf116000 	C:\WINDOWS\System32\win32u.dll
0x00007ffac1710000 - 0x00007ffac173a000 	C:\WINDOWS\System32\GDI32.dll
0x00007ffaa1ed0000 - 0x00007ffaa2175000 	C:\WINDOWS\WinSxS\amd64_microsoft.windows.common-controls_6595b64144ccf1df_6.0.22000.120_none_9d947278b86cc467\COMCTL32.dll
0x00007ffabf120000 - 0x00007ffabf23f000 	C:\WINDOWS\System32\gdi32full.dll
0x00007ffabf430000 - 0x00007ffabf4cd000 	C:\WINDOWS\System32\msvcp_win.dll
0x00007ffab33a0000 - 0x00007ffab33aa000 	C:\WINDOWS\SYSTEM32\VERSION.dll
0x00007ffac1a40000 - 0x00007ffac1a71000 	C:\WINDOWS\System32\IMM32.DLL
0x00007ffaba5b0000 - 0x00007ffaba5bc000 	C:\Program Files\Java\jdk-17.0.4.1\bin\vcruntime140_1.dll
0x00007ffa90f40000 - 0x00007ffa90fcd000 	C:\Program Files\Java\jdk-17.0.4.1\bin\msvcp140.dll
0x00007ffa5c000000 - 0x00007ffa5cbc2000 	C:\Program Files\Java\jdk-17.0.4.1\bin\server\jvm.dll
0x00007ffac0bb0000 - 0x00007ffac0bb8000 	C:\WINDOWS\System32\PSAPI.DLL
0x00007ffa94f60000 - 0x00007ffa94f69000 	C:\WINDOWS\SYSTEM32\WSOCK32.dll
0x00007ffab7cf0000 - 0x00007ffab7d23000 	C:\WINDOWS\SYSTEM32\WINMM.dll
0x00007ffac17b0000 - 0x00007ffac181f000 	C:\WINDOWS\System32\WS2_32.dll
0x00007ffabe240000 - 0x00007ffabe258000 	C:\WINDOWS\SYSTEM32\kernel.appcore.dll
0x00007ffaba4d0000 - 0x00007ffaba4da000 	C:\Program Files\Java\jdk-17.0.4.1\bin\jimage.dll
0x00007ffabc500000 - 0x00007ffabc721000 	C:\WINDOWS\SYSTEM32\DBGHELP.DLL
0x00007ffaad9e0000 - 0x00007ffaada11000 	C:\WINDOWS\SYSTEM32\dbgcore.DLL
0x00007ffabf3b0000 - 0x00007ffabf42f000 	C:\WINDOWS\System32\bcryptPrimitives.dll
0x00007ffaac660000 - 0x00007ffaac66e000 	C:\Program Files\Java\jdk-17.0.4.1\bin\instrument.dll
0x00007ffab8710000 - 0x00007ffab8735000 	C:\Program Files\Java\jdk-17.0.4.1\bin\java.dll

dbghelp: loaded successfully - version: 4.0.5 - missing functions: none
symbol engine: initialized successfully - sym options: 0x614 - pdb path: .;C:\Program Files\Java\jdk-17.0.4.1\bin;C:\WINDOWS\SYSTEM32;C:\WINDOWS\WinSxS\amd64_microsoft.windows.common-controls_6595b64144ccf1df_6.0.22000.120_none_9d947278b86cc467;C:\Program Files\Java\jdk-17.0.4.1\bin\server

VM Arguments:
jvm_args: -XX:TieredStopAtLevel=1 -Dspring.output.ansi.enabled=always -Dcom.sun.management.jmxremote -Dspring.jmx.enabled=true -Dspring.liveBeansView.mbeanDomain -Dspring.application.admin.enabled=true -javaagent:D:\Tools\IDEA\IntelliJ IDEA 2022.2.2\lib\idea_rt.jar=63194:D:\Tools\IDEA\IntelliJ IDEA 2022.2.2\bin -Dfile.encoding=UTF-8 
java_command: com.chen.ServiceSysApplication
java_class_path (initial): D:\JavaDemo\guigu-ssyx-parent\service\service-sys\target\classes;D:\JavaDemo\guigu-ssyx-parent\common\service-util\target\classes;D:\JavaDemo\guigu-ssyx-parent\common\common-util\target\classes;C:\Users\chenwan\.m2\repository\org\apache\httpcomponents\httpclient\4.5.1\httpclient-4.5.1.jar;C:\Users\chenwan\.m2\repository\org\apache\httpcomponents\httpcore\4.4.13\httpcore-4.4.13.jar;C:\Users\chenwan\.m2\repository\commons-logging\commons-logging\1.2\commons-logging-1.2.jar;C:\Users\chenwan\.m2\repository\io\jsonwebtoken\jjwt\0.7.0\jjwt-0.7.0.jar;C:\Users\chenwan\.m2\repository\joda-time\joda-time\2.10.1\joda-time-2.10.1.jar;C:\Users\chenwan\.m2\repository\org\springframework\boot\spring-boot-starter-data-redis\2.3.6.RELEASE\spring-boot-starter-data-redis-2.3.6.RELEASE.jar;C:\Users\chenwan\.m2\repository\org\springframework\data\spring-data-redis\2.3.5.RELEASE\spring-data-redis-2.3.5.RELEASE.jar;C:\Users\chenwan\.m2\repository\org\springframework\data\spring-data-keyvalue\2.3.5.RELEASE\spring-data-keyvalue-2.3.5.RELEASE.jar;C:\Users\chenwan\.m2\repository\org\springframework\data\spring-data-commons\2.3.5.RELEASE\spring-data-commons-2.3.5.RELEASE.jar;C:\Users\chenwan\.m2\repository\org\springframework\spring-tx\5.2.11.RELEASE\spring-tx-5.2.11.RELEASE.jar;C:\Users\chenwan\.m2\repository\org\springframework\spring-oxm\5.2.11.RELEASE\spring-oxm-5.2.11.RELEASE.jar;C:\Users\chenwan\.m2\repository\org\springframework\spring-context-support\5.2.11.RELEASE\spring-context-support-5.2.11.RELEASE.jar;C:\Users\chenwan\.m2\repository\io\lettuce\lettuce-core\5.3.5.RELEASE\lettuce-core-5.3.5.RELEASE.jar;C:\Users\chenwan\.m2\repository\org\apache\commons\commons-pool2\2.8.1\commons-pool2-2.8.1.jar;C:\Users\chenwan\.m2\repository\org\redisson\redisson\3.11.2\redisson-3.11.2.jar;C:\Users\chenwan\.m2\repository\io\netty\netty-common\4.1.54.Final\netty-common-4.1.54.Final.jar;C:\Users\chenwan\.m2\repository\io\netty\netty-codec\4.1.54.Final\netty-codec-4.1.54.
Launcher Type: SUN_STANDARD

[Global flags]
     intx CICompilerCount                          = 4                                         {product} {ergonomic}
     uint ConcGCThreads                            = 2                                         {product} {ergonomic}
     uint G1ConcRefinementThreads                  = 8                                         {product} {ergonomic}
   size_t G1HeapRegionSize                         = 2097152                                   {product} {ergonomic}
    uintx GCDrainStackTargetSize                   = 64                                        {product} {ergonomic}
   size_t InitialHeapSize                          = 266338304                                 {product} {ergonomic}
     bool ManagementServer                         = true                                      {product} {command line}
   size_t MarkStackSize                            = 4194304                                   {product} {ergonomic}
   size_t MaxHeapSize                              = 4238344192                                {product} {ergonomic}
   size_t MinHeapDeltaBytes                        = 2097152                                   {product} {ergonomic}
   size_t MinHeapSize                              = 8388608                                   {product} {ergonomic}
    uintx NonProfiledCodeHeapSize                  = 0                                      {pd product} {ergonomic}
     bool ProfileInterpreter                       = false                                  {pd product} {command line}
    uintx ProfiledCodeHeapSize                     = 0                                      {pd product} {ergonomic}
   size_t SoftMaxHeapSize                          = 4238344192                             {manageable} {ergonomic}
     intx TieredStopAtLevel                        = 1                                         {product} {command line}
     bool UseCompressedClassPointers               = true                           {product lp64_product} {ergonomic}
     bool UseCompressedOops                        = true                           {product lp64_product} {ergonomic}
     bool UseG1GC                                  = true                                      {product} {ergonomic}
     bool UseLargePagesIndividualAllocation        = false                                  {pd product} {ergonomic}

Logging:
Log output configuration:
 #0: stdout all=warning uptime,level,tags
 #1: stderr all=off uptime,level,tags

Environment Variables:
JAVA_HOME=C:\Program Files\Java\jdk1.8.0_144
PATH=bin\;D:\Python\Scripts\;D:\Python\;C:\Windows\system32;C:\Windows;C:\Windows\System32\Wbem;C:\Windows\System32\WindowsPowerShell\v1.0\;C:\Windows\System32\OpenSSH\;C:\Program Files (x86)\NVIDIA Corporation\PhysX\Common;C:\Program Files\NVIDIA Corporation\NVIDIA NvDLISR;C:\WINDOWS\system32;C:\WINDOWS;C:\WINDOWS\System32\Wbem;C:\WINDOWS\System32\WindowsPowerShell\v1.0\;C:\WINDOWS\System32\OpenSSH\;"C:\Users\chenwan\Documents\mysql-8.0.30-winx64\mysql-8.0.30-winx64"\bin;C:\Program Files\TortoiseGit\bin;"C:\Users\chenwan\Documents\mysql-8.0.30-winx64\mysql-8.0.30-winx64";"D:\Tools\apache-tomcat-8.5.85\lib;D:\Tools\apache-tomcat-8.5.85\bin1";D:\APP\bin;C:\Program Files\Java\jdk1.8.0_144\bin;D:\tools\apache-maven-3.8.6-bin;"D:\Tools\apache-tomcat-8.5.85\bin;D:\Tools\apache-tomcat-8.5.85\lib";Redis\;D:\Tools\Nvm\nvm;D:\Tools\NodeJs\node-v16.8.0-win-x64\node-v16.8.0-win-x64;D:\Tools\Nvm\nvm\v16.16.0\node-v16.16.0-win-x64;D:\Tools\Xshell\;C:\Program Files\dotnet\;D:\Tools\Git\bin;D:\Tools\NodeJs\node-v16.8.0-win-x64\node-v16.8.0-win-x64;VSCode\Microsoft VS Code\bin;D:\Tools\Nvm\nvm;D:\Tools\NodeJs\node-v16.8.0-win-x64\node-v16.8.0-win-x64;D:\Tools\VSCode\Microsoft VS Code\bin;C:\Users\chenwan\.dotnet\tools;C:\Users\chenwan\AppData\Roaming\npm
USERNAME=chenwan
OS=Windows_NT
PROCESSOR_IDENTIFIER=Intel64 Family 6 Model 140 Stepping 1, GenuineIntel



---------------  S Y S T E M  ---------------

OS:
 Windows 11 , 64 bit Build 22000 (10.0.22000.2124)
OS uptime: 1 days 7:35 hours

CPU: total 8 (initial active 8) (4 cores per cpu, 2 threads per core) family 6 model 140 stepping 1 microcode 0x86, cx8, cmov, fxsr, ht, mmx, 3dnowpref, sse, sse2, sse3, ssse3, sse4.1, sse4.2, popcnt, lzcnt, tsc, tscinvbit, avx, avx2, aes, erms, clmul, bmi1, bmi2, adx, avx512f, avx512dq, avx512cd, avx512bw, avx512vl, sha, fma, vzeroupper, avx512_vpopcntdq, avx512_vpclmulqdq, avx512_vaes, avx512_vnni, clflush, clflushopt, clwb, avx512_vbmi2, avx512_vbmi

Memory: 4k page, system-wide physical 16167M (870M free)
TotalPageFile size 26407M (AvailPageFile size 176M)
current process WorkingSet (physical memory assigned to process): 10M, peak: 10M
current process commit charge ("private bytes"): 55M, peak: 309M

vm_info: Java HotSpot(TM) 64-Bit Server VM (17.0.4.1+1-LTS-2) for windows-amd64 JRE (17.0.4.1+1-LTS-2), built on Aug 16 2022 18:32:06 by "mach5one" with MS VC++ 16.8 / 16.9 (VS2019)

END.
