#
# There is insufficient memory for the Java Runtime Environment to continue.
# Native memory allocation (malloc) failed to allocate 32744 bytes for ChunkPool::allocate
# Possible reasons:
#   The system is out of physical RAM or swap space
#   The process is running with CompressedOops enabled, and the Java Heap may be blocking the growth of the native heap
# Possible solutions:
#   Reduce memory load on the system
#   Increase physical memory or swap space
#   Check if swap backing store is full
#   Decrease Java heap size (-Xmx/-Xms)
#   Decrease number of Java threads
#   Decrease Java thread stack sizes (-Xss)
#   Set larger code cache with -XX:ReservedCodeCacheSize=
#   JVM is running with Zero Based Compressed Oops mode in which the Java heap is
#     placed in the first 32GB address space. The Java Heap base address is the
#     maximum limit for the native heap growth. Please use -XX:HeapBaseMinAddress
#     to set the Java Heap base and to place the Java Heap above 32GB virtual address.
# This output file may be truncated or incomplete.
#
#  Out of Memory Error (arena.cpp:78), pid=44304, tid=44944
#
# JRE version: Java(TM) SE Runtime Environment (17.0.4.1+1) (build 17.0.4.1+1-LTS-2)
# Java VM: Java HotSpot(TM) 64-Bit Server VM (17.0.4.1+1-LTS-2, mixed mode, emulated-client, sharing, tiered, compressed oops, compressed class ptrs, g1 gc, windows-amd64)
# No core dump will be written. Minidumps are not enabled by default on client versions of Windows
#

---------------  S U M M A R Y ------------

Command Line: -XX:TieredStopAtLevel=1 -Dspring.output.ansi.enabled=always -Dcom.sun.management.jmxremote -Dspring.jmx.enabled=true -Dspring.liveBeansView.mbeanDomain -Dspring.application.admin.enabled=true -javaagent:D:\Tools\IDEA\IntelliJ IDEA 2022.2.2\lib\idea_rt.jar=49754:D:\Tools\IDEA\IntelliJ IDEA 2022.2.2\bin -Dfile.encoding=UTF-8 com.chen.ServiceSysApplication

Host: 11th Gen Intel(R) Core(TM) i7-1165G7 @ 2.80GHz, 8 cores, 15G,  Windows 11 , 64 bit Build 22000 (10.0.22000.2124)
Time: Sat Jul 29 16:43:18 2023  Windows 11 , 64 bit Build 22000 (10.0.22000.2124) elapsed time: 0.233374 seconds (0d 0h 0m 0s)

---------------  T H R E A D  ---------------

Current thread (0x000001897e02bbb0):  JavaThread "C1 CompilerThread0" daemon [_thread_in_native, id=44944, stack(0x00000014d8d00000,0x00000014d8e00000)]


Current CompileTask:
C1:    233   59   !   1      
[error occurred during error reporting (printing current compile task), id 0xe0000001, Out of Memory Error (s\open\src\hotspot\share\memory\arena.cpp:78)]

Stack: [0x00000014d8d00000,0x00000014d8e00000]
Native frames: (J=compiled Java code, j=interpreted, Vv=VM code, C=native code)
V  [jvm.dll+0x6723ba]
V  [jvm.dll+0x7d1e34]
V  [jvm.dll+0x7d35de]
V  [jvm.dll+0x7d3c43]
V  [jvm.dll+0x243065]
V  [jvm.dll+0xaa7c0]
V  [jvm.dll+0xaab0c]
V  [jvm.dll+0x73f29c]
V  [jvm.dll+0x73f389]
V  [jvm.dll+0x6272f9]
V  [jvm.dll+0x229796]
V  [jvm.dll+0x229d17]
V  [jvm.dll+0x7d1cca]
V  [jvm.dll+0x7d35de]
V  [jvm.dll+0x7d3c43]
V  [jvm.dll+0x243065]
V  [jvm.dll+0xaa7c0]
V  [jvm.dll+0xaab0c]
V  [jvm.dll+0x13cc97]
V  [jvm.dll+0x13c814]
V  [jvm.dll+0x1367af]
V  [jvm.dll+0x146326]
V  [jvm.dll+0x131ea0]
V  [jvm.dll+0x132200]
V  [jvm.dll+0x1324c6]
V  [jvm.dll+0x13195a]
V  [jvm.dll+0x133621]
V  [jvm.dll+0x224e08]
V  [jvm.dll+0x222f75]
V  [jvm.dll+0x787a0b]
V  [jvm.dll+0x781fca]
V  [jvm.dll+0x671245]
C  [ucrtbase.dll+0x26c0c]
C  [KERNEL32.DLL+0x155a0]
C  [ntdll.dll+0x485b]


---------------  P R O C E S S  ---------------

Threads class SMR info:
_java_thread_list=0x000001897e02c620, length=9, elements={
0x0000018967872420, 0x000001897e008da0, 0x000001897e00b960, 0x000001897e027430,
0x000001897e027de0, 0x000001897e02a7a0, 0x000001897e02b150, 0x000001897e02bbb0,
0x000001897e035bd0
}

Java Threads: ( => current thread )
  0x0000018967872420 JavaThread "main" [_thread_in_native, id=25212, stack(0x00000014d8000000,0x00000014d8100000)]
  0x000001897e008da0 JavaThread "Reference Handler" daemon [_thread_blocked, id=11388, stack(0x00000014d8700000,0x00000014d8800000)]
  0x000001897e00b960 JavaThread "Finalizer" daemon [_thread_blocked, id=20160, stack(0x00000014d8800000,0x00000014d8900000)]
  0x000001897e027430 JavaThread "Signal Dispatcher" daemon [_thread_blocked, id=42300, stack(0x00000014d8900000,0x00000014d8a00000)]
  0x000001897e027de0 JavaThread "Attach Listener" daemon [_thread_blocked, id=10416, stack(0x00000014d8a00000,0x00000014d8b00000)]
  0x000001897e02a7a0 JavaThread "Service Thread" daemon [_thread_blocked, id=14388, stack(0x00000014d8b00000,0x00000014d8c00000)]
  0x000001897e02b150 JavaThread "Monitor Deflation Thread" daemon [_thread_blocked, id=14548, stack(0x00000014d8c00000,0x00000014d8d00000)]
=>0x000001897e02bbb0 JavaThread "C1 CompilerThread0" daemon [_thread_in_native, id=44944, stack(0x00000014d8d00000,0x00000014d8e00000)]
  0x000001897e035bd0 JavaThread "Sweeper thread" daemon [_thread_blocked, id=43848, stack(0x00000014d8e00000,0x00000014d8f00000)]

Other Threads:
  0x000001897e005310 VMThread "VM Thread" [stack: 0x00000014d8600000,0x00000014d8700000] [id=36196]
  0x00000189678ded10 GCTaskThread "GC Thread#0" [stack: 0x00000014d8100000,0x00000014d8200000] [id=37108]
  0x00000189678efa40 ConcurrentGCThread "G1 Main Marker" [stack: 0x00000014d8200000,0x00000014d8300000] [id=29808]
  0x00000189678f0bf0 ConcurrentGCThread "G1 Conc#0" [stack: 0x00000014d8300000,0x00000014d8400000] [id=39728]
  0x000001896792ec20 ConcurrentGCThread "G1 Refine#0" [stack: 0x00000014d8400000,0x00000014d8500000] [id=44980]
  0x000001897df45170 ConcurrentGCThread "G1 Service" [stack: 0x00000014d8500000,0x00000014d8600000] [id=29600]

Threads with active compile tasks:
C1 CompilerThread0      276   59   !   1       java.io.WinNTFileSystem::resolve (362 bytes)

VM state: not at safepoint (normal execution)

VM Mutex/Monitor currently owned by a thread: None

Heap address: 0x0000000703600000, size: 4042 MB, Compressed Oops mode: Zero based, Oop shift amount: 3

CDS archive(s) mapped at: [0x0000000800000000-0x0000000800bc0000-0x0000000800bc0000), size 12320768, SharedBaseAddress: 0x0000000800000000, ArchiveRelocationMode: 0.
Compressed class space mapped at: 0x0000000800c00000-0x0000000840c00000, reserved size: 1073741824
Narrow klass base: 0x0000000800000000, Narrow klass shift: 0, Narrow klass range: 0x100000000

GC Precious Log:
 CPUs: 8 total, 8 available
 Memory: 16167M
 Large Page Support: Disabled
 NUMA Support: Disabled
 Compressed Oops: Enabled (Zero based)
 Heap Region Size: 2M
 Heap Min Capacity: 8M
 Heap Initial Capacity: 254M
 Heap Max Capacity: 4042M
 Pre-touch: Disabled
 Parallel Workers: 8
 Concurrent Workers: 2
 Concurrent Refinement Workers: 8
 Periodic GC: Disabled

Heap:
 garbage-first heap   total 260096K, used 0K [0x0000000703600000, 0x0000000800000000)
  region size 2048K, 1 young (2048K), 0 survivors (0K)
 Metaspace       used 82K, committed 192K, reserved 1056768K
  class space    used 4K, committed 64K, reserved 1048576K

Heap Regions: E=young(eden), S=young(survivor), O=old, HS=humongous(starts), HC=humongous(continues), CS=collection set, F=free, OA=open archive, CA=closed archive, TAMS=top-at-mark-start (previous, next)
|   0|0x0000000703600000, 0x0000000703600000, 0x0000000703800000|  0%| F|  |TAMS 0x0000000703600000, 0x0000000703600000| Untracked 
|   1|0x0000000703800000, 0x0000000703800000, 0x0000000703a00000|  0%| F|  |TAMS 0x0000000703800000, 0x0000000703800000| Untracked 
|   2|0x0000000703a00000, 0x0000000703a00000, 0x0000000703c00000|  0%| F|  |TAMS 0x0000000703a00000, 0x0000000703a00000| Untracked 
|   3|0x0000000703c00000, 0x0000000703c00000, 0x0000000703e00000|  0%| F|  |TAMS 0x0000000703c00000, 0x0000000703c00000| Untracked 
|   4|0x0000000703e00000, 0x0000000703e00000, 0x0000000704000000|  0%| F|  |TAMS 0x0000000703e00000, 0x0000000703e00000| Untracked 
|   5|0x0000000704000000, 0x0000000704000000, 0x0000000704200000|  0%| F|  |TAMS 0x0000000704000000, 0x0000000704000000| Untracked 
|   6|0x0000000704200000, 0x0000000704200000, 0x0000000704400000|  0%| F|  |TAMS 0x0000000704200000, 0x0000000704200000| Untracked 
|   7|0x0000000704400000, 0x0000000704400000, 0x0000000704600000|  0%| F|  |TAMS 0x0000000704400000, 0x0000000704400000| Untracked 
|   8|0x0000000704600000, 0x0000000704600000, 0x0000000704800000|  0%| F|  |TAMS 0x0000000704600000, 0x0000000704600000| Untracked 
|   9|0x0000000704800000, 0x0000000704800000, 0x0000000704a00000|  0%| F|  |TAMS 0x0000000704800000, 0x0000000704800000| Untracked 
|  10|0x0000000704a00000, 0x0000000704a00000, 0x0000000704c00000|  0%| F|  |TAMS 0x0000000704a00000, 0x0000000704a00000| Untracked 
|  11|0x0000000704c00000, 0x0000000704c00000, 0x0000000704e00000|  0%| F|  |TAMS 0x0000000704c00000, 0x0000000704c00000| Untracked 
|  12|0x0000000704e00000, 0x0000000704e00000, 0x0000000705000000|  0%| F|  |TAMS 0x0000000704e00000, 0x0000000704e00000| Untracked 
|  13|0x0000000705000000, 0x0000000705000000, 0x0000000705200000|  0%| F|  |TAMS 0x0000000705000000, 0x0000000705000000| Untracked 
|  14|0x0000000705200000, 0x0000000705200000, 0x0000000705400000|  0%| F|  |TAMS 0x0000000705200000, 0x0000000705200000| Untracked 
|  15|0x0000000705400000, 0x0000000705400000, 0x0000000705600000|  0%| F|  |TAMS 0x0000000705400000, 0x0000000705400000| Untracked 
|  16|0x0000000705600000, 0x0000000705600000, 0x0000000705800000|  0%| F|  |TAMS 0x0000000705600000, 0x0000000705600000| Untracked 
|  17|0x0000000705800000, 0x0000000705800000, 0x0000000705a00000|  0%| F|  |TAMS 0x0000000705800000, 0x0000000705800000| Untracked 
|  18|0x0000000705a00000, 0x0000000705a00000, 0x0000000705c00000|  0%| F|  |TAMS 0x0000000705a00000, 0x0000000705a00000| Untracked 
|  19|0x0000000705c00000, 0x0000000705c00000, 0x0000000705e00000|  0%| F|  |TAMS 0x0000000705c00000, 0x0000000705c00000| Untracked 
|  20|0x0000000705e00000, 0x0000000705e00000, 0x0000000706000000|  0%| F|  |TAMS 0x0000000705e00000, 0x0000000705e00000| Untracked 
|  21|0x0000000706000000, 0x0000000706000000, 0x0000000706200000|  0%| F|  |TAMS 0x0000000706000000, 0x0000000706000000| Untracked 
|  22|0x0000000706200000, 0x0000000706200000, 0x0000000706400000|  0%| F|  |TAMS 0x0000000706200000, 0x0000000706200000| Untracked 
|  23|0x0000000706400000, 0x0000000706400000, 0x0000000706600000|  0%| F|  |TAMS 0x0000000706400000, 0x0000000706400000| Untracked 
|  24|0x0000000706600000, 0x0000000706600000, 0x0000000706800000|  0%| F|  |TAMS 0x0000000706600000, 0x0000000706600000| Untracked 
|  25|0x0000000706800000, 0x0000000706800000, 0x0000000706a00000|  0%| F|  |TAMS 0x0000000706800000, 0x0000000706800000| Untracked 
|  26|0x0000000706a00000, 0x0000000706a00000, 0x0000000706c00000|  0%| F|  |TAMS 0x0000000706a00000, 0x0000000706a00000| Untracked 
|  27|0x0000000706c00000, 0x0000000706c00000, 0x0000000706e00000|  0%| F|  |TAMS 0x0000000706c00000, 0x0000000706c00000| Untracked 
|  28|0x0000000706e00000, 0x0000000706e00000, 0x0000000707000000|  0%| F|  |TAMS 0x0000000706e00000, 0x0000000706e00000| Untracked 
|  29|0x0000000707000000, 0x0000000707000000, 0x0000000707200000|  0%| F|  |TAMS 0x0000000707000000, 0x0000000707000000| Untracked 
|  30|0x0000000707200000, 0x0000000707200000, 0x0000000707400000|  0%| F|  |TAMS 0x0000000707200000, 0x0000000707200000| Untracked 
|  31|0x0000000707400000, 0x0000000707400000, 0x0000000707600000|  0%| F|  |TAMS 0x0000000707400000, 0x0000000707400000| Untracked 
|  32|0x0000000707600000, 0x0000000707600000, 0x0000000707800000|  0%| F|  |TAMS 0x0000000707600000, 0x0000000707600000| Untracked 
|  33|0x0000000707800000, 0x0000000707800000, 0x0000000707a00000|  0%| F|  |TAMS 0x0000000707800000, 0x0000000707800000| Untracked 
|  34|0x0000000707a00000, 0x0000000707a00000, 0x0000000707c00000|  0%| F|  |TAMS 0x0000000707a00000, 0x0000000707a00000| Untracked 
|  35|0x0000000707c00000, 0x0000000707c00000, 0x0000000707e00000|  0%| F|  |TAMS 0x0000000707c00000, 0x0000000707c00000| Untracked 
|  36|0x0000000707e00000, 0x0000000707e00000, 0x0000000708000000|  0%| F|  |TAMS 0x0000000707e00000, 0x0000000707e00000| Untracked 
|  37|0x0000000708000000, 0x0000000708000000, 0x0000000708200000|  0%| F|  |TAMS 0x0000000708000000, 0x0000000708000000| Untracked 
|  38|0x0000000708200000, 0x0000000708200000, 0x0000000708400000|  0%| F|  |TAMS 0x0000000708200000, 0x0000000708200000| Untracked 
|  39|0x0000000708400000, 0x0000000708400000, 0x0000000708600000|  0%| F|  |TAMS 0x0000000708400000, 0x0000000708400000| Untracked 
|  40|0x0000000708600000, 0x0000000708600000, 0x0000000708800000|  0%| F|  |TAMS 0x0000000708600000, 0x0000000708600000| Untracked 
|  41|0x0000000708800000, 0x0000000708800000, 0x0000000708a00000|  0%| F|  |TAMS 0x0000000708800000, 0x0000000708800000| Untracked 
|  42|0x0000000708a00000, 0x0000000708a00000, 0x0000000708c00000|  0%| F|  |TAMS 0x0000000708a00000, 0x0000000708a00000| Untracked 
|  43|0x0000000708c00000, 0x0000000708c00000, 0x0000000708e00000|  0%| F|  |TAMS 0x0000000708c00000, 0x0000000708c00000| Untracked 
|  44|0x0000000708e00000, 0x0000000708e00000, 0x0000000709000000|  0%| F|  |TAMS 0x0000000708e00000, 0x0000000708e00000| Untracked 
|  45|0x0000000709000000, 0x0000000709000000, 0x0000000709200000|  0%| F|  |TAMS 0x0000000709000000, 0x0000000709000000| Untracked 
|  46|0x0000000709200000, 0x0000000709200000, 0x0000000709400000|  0%| F|  |TAMS 0x0000000709200000, 0x0000000709200000| Untracked 
|  47|0x0000000709400000, 0x0000000709400000, 0x0000000709600000|  0%| F|  |TAMS 0x0000000709400000, 0x0000000709400000| Untracked 
|  48|0x0000000709600000, 0x0000000709600000, 0x0000000709800000|  0%| F|  |TAMS 0x0000000709600000, 0x0000000709600000| Untracked 
|  49|0x0000000709800000, 0x0000000709800000, 0x0000000709a00000|  0%| F|  |TAMS 0x0000000709800000, 0x0000000709800000| Untracked 
|  50|0x0000000709a00000, 0x0000000709a00000, 0x0000000709c00000|  0%| F|  |TAMS 0x0000000709a00000, 0x0000000709a00000| Untracked 
|  51|0x0000000709c00000, 0x0000000709c00000, 0x0000000709e00000|  0%| F|  |TAMS 0x0000000709c00000, 0x0000000709c00000| Untracked 
|  52|0x0000000709e00000, 0x0000000709e00000, 0x000000070a000000|  0%| F|  |TAMS 0x0000000709e00000, 0x0000000709e00000| Untracked 
|  53|0x000000070a000000, 0x000000070a000000, 0x000000070a200000|  0%| F|  |TAMS 0x000000070a000000, 0x000000070a000000| Untracked 
|  54|0x000000070a200000, 0x000000070a200000, 0x000000070a400000|  0%| F|  |TAMS 0x000000070a200000, 0x000000070a200000| Untracked 
|  55|0x000000070a400000, 0x000000070a400000, 0x000000070a600000|  0%| F|  |TAMS 0x000000070a400000, 0x000000070a400000| Untracked 
|  56|0x000000070a600000, 0x000000070a600000, 0x000000070a800000|  0%| F|  |TAMS 0x000000070a600000, 0x000000070a600000| Untracked 
|  57|0x000000070a800000, 0x000000070a800000, 0x000000070aa00000|  0%| F|  |TAMS 0x000000070a800000, 0x000000070a800000| Untracked 
|  58|0x000000070aa00000, 0x000000070aa00000, 0x000000070ac00000|  0%| F|  |TAMS 0x000000070aa00000, 0x000000070aa00000| Untracked 
|  59|0x000000070ac00000, 0x000000070ac00000, 0x000000070ae00000|  0%| F|  |TAMS 0x000000070ac00000, 0x000000070ac00000| Untracked 
|  60|0x000000070ae00000, 0x000000070ae00000, 0x000000070b000000|  0%| F|  |TAMS 0x000000070ae00000, 0x000000070ae00000| Untracked 
|  61|0x000000070b000000, 0x000000070b000000, 0x000000070b200000|  0%| F|  |TAMS 0x000000070b000000, 0x000000070b000000| Untracked 
|  62|0x000000070b200000, 0x000000070b200000, 0x000000070b400000|  0%| F|  |TAMS 0x000000070b200000, 0x000000070b200000| Untracked 
|  63|0x000000070b400000, 0x000000070b400000, 0x000000070b600000|  0%| F|  |TAMS 0x000000070b400000, 0x000000070b400000| Untracked 
|  64|0x000000070b600000, 0x000000070b600000, 0x000000070b800000|  0%| F|  |TAMS 0x000000070b600000, 0x000000070b600000| Untracked 
|  65|0x000000070b800000, 0x000000070b800000, 0x000000070ba00000|  0%| F|  |TAMS 0x000000070b800000, 0x000000070b800000| Untracked 
|  66|0x000000070ba00000, 0x000000070ba00000, 0x000000070bc00000|  0%| F|  |TAMS 0x000000070ba00000, 0x000000070ba00000| Untracked 
|  67|0x000000070bc00000, 0x000000070bc00000, 0x000000070be00000|  0%| F|  |TAMS 0x000000070bc00000, 0x000000070bc00000| Untracked 
|  68|0x000000070be00000, 0x000000070be00000, 0x000000070c000000|  0%| F|  |TAMS 0x000000070be00000, 0x000000070be00000| Untracked 
|  69|0x000000070c000000, 0x000000070c000000, 0x000000070c200000|  0%| F|  |TAMS 0x000000070c000000, 0x000000070c000000| Untracked 
|  70|0x000000070c200000, 0x000000070c200000, 0x000000070c400000|  0%| F|  |TAMS 0x000000070c200000, 0x000000070c200000| Untracked 
|  71|0x000000070c400000, 0x000000070c400000, 0x000000070c600000|  0%| F|  |TAMS 0x000000070c400000, 0x000000070c400000| Untracked 
|  72|0x000000070c600000, 0x000000070c600000, 0x000000070c800000|  0%| F|  |TAMS 0x000000070c600000, 0x000000070c600000| Untracked 
|  73|0x000000070c800000, 0x000000070c800000, 0x000000070ca00000|  0%| F|  |TAMS 0x000000070c800000, 0x000000070c800000| Untracked 
|  74|0x000000070ca00000, 0x000000070ca00000, 0x000000070cc00000|  0%| F|  |TAMS 0x000000070ca00000, 0x000000070ca00000| Untracked 
|  75|0x000000070cc00000, 0x000000070cc00000, 0x000000070ce00000|  0%| F|  |TAMS 0x000000070cc00000, 0x000000070cc00000| Untracked 
|  76|0x000000070ce00000, 0x000000070ce00000, 0x000000070d000000|  0%| F|  |TAMS 0x000000070ce00000, 0x000000070ce00000| Untracked 
|  77|0x000000070d000000, 0x000000070d000000, 0x000000070d200000|  0%| F|  |TAMS 0x000000070d000000, 0x000000070d000000| Untracked 
|  78|0x000000070d200000, 0x000000070d200000, 0x000000070d400000|  0%| F|  |TAMS 0x000000070d200000, 0x000000070d200000| Untracked 
|  79|0x000000070d400000, 0x000000070d400000, 0x000000070d600000|  0%| F|  |TAMS 0x000000070d400000, 0x000000070d400000| Untracked 
|  80|0x000000070d600000, 0x000000070d600000, 0x000000070d800000|  0%| F|  |TAMS 0x000000070d600000, 0x000000070d600000| Untracked 
|  81|0x000000070d800000, 0x000000070d800000, 0x000000070da00000|  0%| F|  |TAMS 0x000000070d800000, 0x000000070d800000| Untracked 
|  82|0x000000070da00000, 0x000000070da00000, 0x000000070dc00000|  0%| F|  |TAMS 0x000000070da00000, 0x000000070da00000| Untracked 
|  83|0x000000070dc00000, 0x000000070dc00000, 0x000000070de00000|  0%| F|  |TAMS 0x000000070dc00000, 0x000000070dc00000| Untracked 
|  84|0x000000070de00000, 0x000000070de00000, 0x000000070e000000|  0%| F|  |TAMS 0x000000070de00000, 0x000000070de00000| Untracked 
|  85|0x000000070e000000, 0x000000070e000000, 0x000000070e200000|  0%| F|  |TAMS 0x000000070e000000, 0x000000070e000000| Untracked 
|  86|0x000000070e200000, 0x000000070e200000, 0x000000070e400000|  0%| F|  |TAMS 0x000000070e200000, 0x000000070e200000| Untracked 
|  87|0x000000070e400000, 0x000000070e400000, 0x000000070e600000|  0%| F|  |TAMS 0x000000070e400000, 0x000000070e400000| Untracked 
|  88|0x000000070e600000, 0x000000070e600000, 0x000000070e800000|  0%| F|  |TAMS 0x000000070e600000, 0x000000070e600000| Untracked 
|  89|0x000000070e800000, 0x000000070e800000, 0x000000070ea00000|  0%| F|  |TAMS 0x000000070e800000, 0x000000070e800000| Untracked 
|  90|0x000000070ea00000, 0x000000070ea00000, 0x000000070ec00000|  0%| F|  |TAMS 0x000000070ea00000, 0x000000070ea00000| Untracked 
|  91|0x000000070ec00000, 0x000000070ec00000, 0x000000070ee00000|  0%| F|  |TAMS 0x000000070ec00000, 0x000000070ec00000| Untracked 
|  92|0x000000070ee00000, 0x000000070ee00000, 0x000000070f000000|  0%| F|  |TAMS 0x000000070ee00000, 0x000000070ee00000| Untracked 
|  93|0x000000070f000000, 0x000000070f000000, 0x000000070f200000|  0%| F|  |TAMS 0x000000070f000000, 0x000000070f000000| Untracked 
|  94|0x000000070f200000, 0x000000070f200000, 0x000000070f400000|  0%| F|  |TAMS 0x000000070f200000, 0x000000070f200000| Untracked 
|  95|0x000000070f400000, 0x000000070f400000, 0x000000070f600000|  0%| F|  |TAMS 0x000000070f400000, 0x000000070f400000| Untracked 
|  96|0x000000070f600000, 0x000000070f600000, 0x000000070f800000|  0%| F|  |TAMS 0x000000070f600000, 0x000000070f600000| Untracked 
|  97|0x000000070f800000, 0x000000070f800000, 0x000000070fa00000|  0%| F|  |TAMS 0x000000070f800000, 0x000000070f800000| Untracked 
|  98|0x000000070fa00000, 0x000000070fa00000, 0x000000070fc00000|  0%| F|  |TAMS 0x000000070fa00000, 0x000000070fa00000| Untracked 
|  99|0x000000070fc00000, 0x000000070fc00000, 0x000000070fe00000|  0%| F|  |TAMS 0x000000070fc00000, 0x000000070fc00000| Untracked 
| 100|0x000000070fe00000, 0x000000070fe00000, 0x0000000710000000|  0%| F|  |TAMS 0x000000070fe00000, 0x000000070fe00000| Untracked 
| 101|0x0000000710000000, 0x0000000710000000, 0x0000000710200000|  0%| F|  |TAMS 0x0000000710000000, 0x0000000710000000| Untracked 
| 102|0x0000000710200000, 0x0000000710200000, 0x0000000710400000|  0%| F|  |TAMS 0x0000000710200000, 0x0000000710200000| Untracked 
| 103|0x0000000710400000, 0x0000000710400000, 0x0000000710600000|  0%| F|  |TAMS 0x0000000710400000, 0x0000000710400000| Untracked 
| 104|0x0000000710600000, 0x0000000710600000, 0x0000000710800000|  0%| F|  |TAMS 0x0000000710600000, 0x0000000710600000| Untracked 
| 105|0x0000000710800000, 0x0000000710800000, 0x0000000710a00000|  0%| F|  |TAMS 0x0000000710800000, 0x0000000710800000| Untracked 
| 106|0x0000000710a00000, 0x0000000710a00000, 0x0000000710c00000|  0%| F|  |TAMS 0x0000000710a00000, 0x0000000710a00000| Untracked 
| 107|0x0000000710c00000, 0x0000000710c00000, 0x0000000710e00000|  0%| F|  |TAMS 0x0000000710c00000, 0x0000000710c00000| Untracked 
| 108|0x0000000710e00000, 0x0000000710e00000, 0x0000000711000000|  0%| F|  |TAMS 0x0000000710e00000, 0x0000000710e00000| Untracked 
| 109|0x0000000711000000, 0x0000000711000000, 0x0000000711200000|  0%| F|  |TAMS 0x0000000711000000, 0x0000000711000000| Untracked 
| 110|0x0000000711200000, 0x0000000711200000, 0x0000000711400000|  0%| F|  |TAMS 0x0000000711200000, 0x0000000711200000| Untracked 
| 111|0x0000000711400000, 0x0000000711400000, 0x0000000711600000|  0%| F|  |TAMS 0x0000000711400000, 0x0000000711400000| Untracked 
| 112|0x0000000711600000, 0x0000000711600000, 0x0000000711800000|  0%| F|  |TAMS 0x0000000711600000, 0x0000000711600000| Untracked 
| 113|0x0000000711800000, 0x0000000711800000, 0x0000000711a00000|  0%| F|  |TAMS 0x0000000711800000, 0x0000000711800000| Untracked 
| 114|0x0000000711a00000, 0x0000000711a00000, 0x0000000711c00000|  0%| F|  |TAMS 0x0000000711a00000, 0x0000000711a00000| Untracked 
| 115|0x0000000711c00000, 0x0000000711c00000, 0x0000000711e00000|  0%| F|  |TAMS 0x0000000711c00000, 0x0000000711c00000| Untracked 
| 116|0x0000000711e00000, 0x0000000711e00000, 0x0000000712000000|  0%| F|  |TAMS 0x0000000711e00000, 0x0000000711e00000| Untracked 
| 117|0x0000000712000000, 0x0000000712000000, 0x0000000712200000|  0%| F|  |TAMS 0x0000000712000000, 0x0000000712000000| Untracked 
| 118|0x0000000712200000, 0x0000000712200000, 0x0000000712400000|  0%| F|  |TAMS 0x0000000712200000, 0x0000000712200000| Untracked 
| 119|0x0000000712400000, 0x0000000712400000, 0x0000000712600000|  0%| F|  |TAMS 0x0000000712400000, 0x0000000712400000| Untracked 
| 120|0x0000000712600000, 0x0000000712600000, 0x0000000712800000|  0%| F|  |TAMS 0x0000000712600000, 0x0000000712600000| Untracked 
| 121|0x0000000712800000, 0x0000000712800000, 0x0000000712a00000|  0%| F|  |TAMS 0x0000000712800000, 0x0000000712800000| Untracked 
| 122|0x0000000712a00000, 0x0000000712a00000, 0x0000000712c00000|  0%| F|  |TAMS 0x0000000712a00000, 0x0000000712a00000| Untracked 
| 123|0x0000000712c00000, 0x0000000712c00000, 0x0000000712e00000|  0%| F|  |TAMS 0x0000000712c00000, 0x0000000712c00000| Untracked 
| 124|0x0000000712e00000, 0x0000000712e00000, 0x0000000713000000|  0%| F|  |TAMS 0x0000000712e00000, 0x0000000712e00000| Untracked 
| 125|0x0000000713000000, 0x0000000713000000, 0x0000000713200000|  0%| F|  |TAMS 0x0000000713000000, 0x0000000713000000| Untracked 
| 126|0x0000000713200000, 0x00000007133c2a10, 0x0000000713400000| 88%| E|  |TAMS 0x0000000713200000, 0x0000000713200000| Complete 

Card table byte_map: [0x00000189729d0000,0x00000189731c0000] _byte_map_base: 0x000001896f1b5000

Marking Bits (Prev, Next): (CMBitMap*) 0x00000189678df320, (CMBitMap*) 0x00000189678df360
 Prev Bits: [0x00000189739b0000, 0x00000189778d8000)
 Next Bits: [0x00000189778e0000, 0x000001897b808000)

Polling page: 0x00000189657a0000

Metaspace:

Usage:
  Non-class:     77.60 KB used.
      Class:      4.92 KB used.
       Both:     82.52 KB used.

Virtual space:
  Non-class space:        8.00 MB reserved,     128.00 KB (  2%) committed,  1 nodes.
      Class space:        1.00 GB reserved,      64.00 KB ( <1%) committed,  1 nodes.
             Both:        1.01 GB reserved,     192.00 KB ( <1%) committed. 

Chunk freelists:
   Non-Class:  0 bytes
       Class:  3.75 MB
        Both:  3.75 MB

MaxMetaspaceSize: unlimited
CompressedClassSpaceSize: 1.00 GB
Initial GC threshold: 21.00 MB
Current GC threshold: 21.00 MB
CDS: on
MetaspaceReclaimPolicy: balanced
 - commit_granule_bytes: 65536.
 - commit_granule_words: 8192.
 - virtual_space_node_default_size: 1048576.
 - enlarge_chunks_in_place: 1.
 - new_chunks_are_fully_committed: 0.
 - uncommit_free_chunks: 1.
 - use_allocation_guard: 0.
 - handle_deallocations: 1.


Internal statistics:

num_allocs_failed_limit: 0.
num_arena_births: 2.
num_arena_deaths: 0.
num_vsnodes_births: 2.
num_vsnodes_deaths: 0.
num_space_committed: 3.
num_space_uncommitted: 0.
num_chunks_returned_to_freelist: 0.
num_chunks_taken_from_freelist: 3.
num_chunk_merges: 0.
num_chunk_splits: 1.
num_chunks_enlarged: 0.
num_purges: 0.
num_inconsistent_stats: 0.

CodeCache: size=49152Kb used=1089Kb max_used=1089Kb free=48062Kb
 bounds [0x000001896f0d0000, 0x000001896f340000, 0x00000189720d0000]
 total_blobs=329 nmethods=58 adapters=199
 compilation: enabled
              stopped_count=0, restarted_count=0
 full_count=0

Compilation events (20 events):
Event: 0.214 Thread 0x000001897e02bbb0 nmethod 48 0x000001896f1dd510 code [0x000001896f1dd6c0, 0x000001896f1dd888]
Event: 0.215 Thread 0x000001897e02bbb0   49       1       java.lang.StringBuilder::append (8 bytes)
Event: 0.215 Thread 0x000001897e02bbb0 nmethod 49 0x000001896f1dd910 code [0x000001896f1ddaa0, 0x000001896f1ddb88]
Event: 0.215 Thread 0x000001897e02bbb0   50       1       java.lang.AbstractStringBuilder::append (45 bytes)
Event: 0.215 Thread 0x000001897e02bbb0 nmethod 50 0x000001896f1ddc10 code [0x000001896f1dddc0, 0x000001896f1ddfa8]
Event: 0.215 Thread 0x000001897e02bbb0   51       1       java.lang.AbstractStringBuilder::putStringAt (12 bytes)
Event: 0.216 Thread 0x000001897e02bbb0 nmethod 51 0x000001896f1de110 code [0x000001896f1de2c0, 0x000001896f1de458]
Event: 0.216 Thread 0x000001897e02bbb0   52       1       java.lang.AbstractStringBuilder::putStringAt (34 bytes)
Event: 0.216 Thread 0x000001897e02bbb0 nmethod 52 0x000001896f1de590 code [0x000001896f1de740, 0x000001896f1de8b8]
Event: 0.216 Thread 0x000001897e02bbb0   53       1       java.lang.AbstractStringBuilder::getCoder (15 bytes)
Event: 0.216 Thread 0x000001897e02bbb0 nmethod 53 0x000001896f1de990 code [0x000001896f1deb20, 0x000001896f1debf8]
Event: 0.216 Thread 0x000001897e02bbb0   54       1       java.lang.String::getBytes (46 bytes)
Event: 0.216 Thread 0x000001897e02bbb0 nmethod 54 0x000001896f1dec90 code [0x000001896f1dee40, 0x000001896f1df038]
Event: 0.227 Thread 0x000001897e02bbb0   56       1       java.lang.String::startsWith (7 bytes)
Event: 0.227 Thread 0x000001897e02bbb0 nmethod 56 0x000001896f1df590 code [0x000001896f1df720, 0x000001896f1df808]
Event: 0.229 Thread 0x000001897e02bbb0   57       1       java.io.WinNTFileSystem::prefixLength (91 bytes)
Event: 0.230 Thread 0x000001897e02bbb0 nmethod 57 0x000001896f1df890 code [0x000001896f1dfaa0, 0x000001896f1e00d8]
Event: 0.230 Thread 0x000001897e02bbb0   58       1       java.io.WinNTFileSystem::isLetter (30 bytes)
Event: 0.230 Thread 0x000001897e02bbb0 nmethod 58 0x000001896f1e0490 code [0x000001896f1e0620, 0x000001896f1e0738]
Event: 0.230 Thread 0x000001897e02bbb0   59   !   1       java.io.WinNTFileSystem::resolve (362 bytes)

GC Heap History (0 events):
No events

Deoptimization events (0 events):
No events

Classes unloaded (0 events):
No events

Classes redefined (0 events):
No events

Internal exceptions (0 events):
No events

VM Operations (0 events):
No events

Events (20 events):
Event: 0.027 Thread 0x000001897e008da0 Thread added: 0x000001897e008da0
Event: 0.027 Thread 0x000001897e00b960 Thread added: 0x000001897e00b960
Event: 0.037 loading class sun/nio/cs/GBK
Event: 0.037 loading class sun/nio/cs/GBK done
Event: 0.037 loading class sun/nio/cs/DoubleByte$Decoder
Event: 0.037 loading class sun/nio/cs/DelegatableDecoder
Event: 0.037 loading class sun/nio/cs/DelegatableDecoder done
Event: 0.038 loading class sun/nio/cs/DoubleByte$Decoder done
Event: 0.038 loading class sun/nio/cs/GBK$DecodeHolder
Event: 0.038 loading class sun/nio/cs/GBK$DecodeHolder done
Event: 0.038 loading class sun/nio/cs/DoubleByte
Event: 0.038 loading class sun/nio/cs/DoubleByte done
Event: 0.043 loading class sun/nio/cs/UTF_8$Encoder
Event: 0.043 loading class sun/nio/cs/UTF_8$Encoder done
Event: 0.044 Thread 0x000001897e027430 Thread added: 0x000001897e027430
Event: 0.044 Thread 0x000001897e027de0 Thread added: 0x000001897e027de0
Event: 0.044 Thread 0x000001897e02a7a0 Thread added: 0x000001897e02a7a0
Event: 0.044 Thread 0x000001897e02b150 Thread added: 0x000001897e02b150
Event: 0.044 Thread 0x000001897e02bbb0 Thread added: 0x000001897e02bbb0
Event: 0.044 Thread 0x000001897e035bd0 Thread added: 0x000001897e035bd0


Dynamic libraries:
0x00007ff760790000 - 0x00007ff7607a0000 	C:\Program Files\Java\jdk-17.0.4.1\bin\java.exe
0x00007ffac1c60000 - 0x00007ffac1e69000 	C:\WINDOWS\SYSTEM32\ntdll.dll
0x00007ffac1330000 - 0x00007ffac13ee000 	C:\WINDOWS\System32\KERNEL32.DLL
0x00007ffabf660000 - 0x00007ffabf9e4000 	C:\WINDOWS\System32\KERNELBASE.dll
0x00007ffabf4d0000 - 0x00007ffabf5e1000 	C:\WINDOWS\System32\ucrtbase.dll
0x00007ffaba4e0000 - 0x00007ffaba4f8000 	C:\Program Files\Java\jdk-17.0.4.1\bin\jli.dll
0x00007ffaba5c0000 - 0x00007ffaba5da000 	C:\Program Files\Java\jdk-17.0.4.1\bin\VCRUNTIME140.dll
0x00007ffac0330000 - 0x00007ffac03df000 	C:\WINDOWS\System32\ADVAPI32.dll
0x00007ffac0280000 - 0x00007ffac0323000 	C:\WINDOWS\System32\msvcrt.dll
0x00007ffac0e70000 - 0x00007ffac0f0e000 	C:\WINDOWS\System32\sechost.dll
0x00007ffabfbf0000 - 0x00007ffabfd11000 	C:\WINDOWS\System32\RPCRT4.dll
0x00007ffac14f0000 - 0x00007ffac169d000 	C:\WINDOWS\System32\USER32.dll
0x00007ffabf0f0000 - 0x00007ffabf116000 	C:\WINDOWS\System32\win32u.dll
0x00007ffac1710000 - 0x00007ffac173a000 	C:\WINDOWS\System32\GDI32.dll
0x00007ffabf120000 - 0x00007ffabf23f000 	C:\WINDOWS\System32\gdi32full.dll
0x00007ffaa1ed0000 - 0x00007ffaa2175000 	C:\WINDOWS\WinSxS\amd64_microsoft.windows.common-controls_6595b64144ccf1df_6.0.22000.120_none_9d947278b86cc467\COMCTL32.dll
0x00007ffabf430000 - 0x00007ffabf4cd000 	C:\WINDOWS\System32\msvcp_win.dll
0x00007ffab33a0000 - 0x00007ffab33aa000 	C:\WINDOWS\SYSTEM32\VERSION.dll
0x00007ffac1a40000 - 0x00007ffac1a71000 	C:\WINDOWS\System32\IMM32.DLL
0x00007ffaba5b0000 - 0x00007ffaba5bc000 	C:\Program Files\Java\jdk-17.0.4.1\bin\vcruntime140_1.dll
0x00007ffa90f40000 - 0x00007ffa90fcd000 	C:\Program Files\Java\jdk-17.0.4.1\bin\msvcp140.dll
0x00007ffa5c000000 - 0x00007ffa5cbc2000 	C:\Program Files\Java\jdk-17.0.4.1\bin\server\jvm.dll
0x00007ffac0bb0000 - 0x00007ffac0bb8000 	C:\WINDOWS\System32\PSAPI.DLL
0x00007ffab7cf0000 - 0x00007ffab7d23000 	C:\WINDOWS\SYSTEM32\WINMM.dll
0x00007ffa94f60000 - 0x00007ffa94f69000 	C:\WINDOWS\SYSTEM32\WSOCK32.dll
0x00007ffac17b0000 - 0x00007ffac181f000 	C:\WINDOWS\System32\WS2_32.dll
0x00007ffabe240000 - 0x00007ffabe258000 	C:\WINDOWS\SYSTEM32\kernel.appcore.dll
0x00007ffaba4d0000 - 0x00007ffaba4da000 	C:\Program Files\Java\jdk-17.0.4.1\bin\jimage.dll
0x00007ffabc500000 - 0x00007ffabc721000 	C:\WINDOWS\SYSTEM32\DBGHELP.DLL
0x00007ffaad9e0000 - 0x00007ffaada11000 	C:\WINDOWS\SYSTEM32\dbgcore.DLL
0x00007ffabf3b0000 - 0x00007ffabf42f000 	C:\WINDOWS\System32\bcryptPrimitives.dll
0x00007ffaac660000 - 0x00007ffaac66e000 	C:\Program Files\Java\jdk-17.0.4.1\bin\instrument.dll
0x00007ffab8710000 - 0x00007ffab8735000 	C:\Program Files\Java\jdk-17.0.4.1\bin\java.dll
0x00007ffa78030000 - 0x00007ffa78106000 	C:\Program Files\Java\jdk-17.0.4.1\bin\jsvml.dll
0x00007ffac03e0000 - 0x00007ffac0ba5000 	C:\WINDOWS\System32\SHELL32.dll
0x00007ffabd1c0000 - 0x00007ffabda24000 	C:\WINDOWS\SYSTEM32\windows.storage.dll
0x00007ffac0fb0000 - 0x00007ffac1326000 	C:\WINDOWS\System32\combase.dll
0x00007ffabd050000 - 0x00007ffabd1b7000 	C:\WINDOWS\SYSTEM32\wintypes.dll
0x00007ffac0d80000 - 0x00007ffac0e6a000 	C:\WINDOWS\System32\SHCORE.dll
0x00007ffac0f20000 - 0x00007ffac0f7d000 	C:\WINDOWS\System32\shlwapi.dll
0x00007ffabf020000 - 0x00007ffabf045000 	C:\WINDOWS\SYSTEM32\profapi.dll

dbghelp: loaded successfully - version: 4.0.5 - missing functions: none
symbol engine: initialized successfully - sym options: 0x614 - pdb path: .;C:\Program Files\Java\jdk-17.0.4.1\bin;C:\WINDOWS\SYSTEM32;C:\WINDOWS\WinSxS\amd64_microsoft.windows.common-controls_6595b64144ccf1df_6.0.22000.120_none_9d947278b86cc467;C:\Program Files\Java\jdk-17.0.4.1\bin\server

VM Arguments:
jvm_args: -XX:TieredStopAtLevel=1 -Dspring.output.ansi.enabled=always -Dcom.sun.management.jmxremote -Dspring.jmx.enabled=true -Dspring.liveBeansView.mbeanDomain -Dspring.application.admin.enabled=true -javaagent:D:\Tools\IDEA\IntelliJ IDEA 2022.2.2\lib\idea_rt.jar=49754:D:\Tools\IDEA\IntelliJ IDEA 2022.2.2\bin -Dfile.encoding=UTF-8 
java_command: com.chen.ServiceSysApplication
java_class_path (initial): D:\JavaDemo\guigu-ssyx-parent\service\service-sys\target\classes;D:\JavaDemo\guigu-ssyx-parent\common\service-util\target\classes;D:\JavaDemo\guigu-ssyx-parent\common\common-util\target\classes;C:\Users\chenwan\.m2\repository\org\apache\httpcomponents\httpclient\4.5.1\httpclient-4.5.1.jar;C:\Users\chenwan\.m2\repository\org\apache\httpcomponents\httpcore\4.4.13\httpcore-4.4.13.jar;C:\Users\chenwan\.m2\repository\commons-logging\commons-logging\1.2\commons-logging-1.2.jar;C:\Users\chenwan\.m2\repository\io\jsonwebtoken\jjwt\0.7.0\jjwt-0.7.0.jar;C:\Users\chenwan\.m2\repository\joda-time\joda-time\2.10.1\joda-time-2.10.1.jar;C:\Users\chenwan\.m2\repository\org\springframework\boot\spring-boot-starter-data-redis\2.3.6.RELEASE\spring-boot-starter-data-redis-2.3.6.RELEASE.jar;C:\Users\chenwan\.m2\repository\org\springframework\data\spring-data-redis\2.3.5.RELEASE\spring-data-redis-2.3.5.RELEASE.jar;C:\Users\chenwan\.m2\repository\org\springframework\data\spring-data-keyvalue\2.3.5.RELEASE\spring-data-keyvalue-2.3.5.RELEASE.jar;C:\Users\chenwan\.m2\repository\org\springframework\data\spring-data-commons\2.3.5.RELEASE\spring-data-commons-2.3.5.RELEASE.jar;C:\Users\chenwan\.m2\repository\org\springframework\spring-tx\5.2.11.RELEASE\spring-tx-5.2.11.RELEASE.jar;C:\Users\chenwan\.m2\repository\org\springframework\spring-oxm\5.2.11.RELEASE\spring-oxm-5.2.11.RELEASE.jar;C:\Users\chenwan\.m2\repository\org\springframework\spring-context-support\5.2.11.RELEASE\spring-context-support-5.2.11.RELEASE.jar;C:\Users\chenwan\.m2\repository\io\lettuce\lettuce-core\5.3.5.RELEASE\lettuce-core-5.3.5.RELEASE.jar;C:\Users\chenwan\.m2\repository\org\apache\commons\commons-pool2\2.8.1\commons-pool2-2.8.1.jar;C:\Users\chenwan\.m2\repository\org\redisson\redisson\3.11.2\redisson-3.11.2.jar;C:\Users\chenwan\.m2\repository\io\netty\netty-common\4.1.54.Final\netty-common-4.1.54.Final.jar;C:\Users\chenwan\.m2\repository\io\netty\netty-codec\4.1.54.Final\netty-codec-4.1.54.
Launcher Type: SUN_STANDARD

[Global flags]
     intx CICompilerCount                          = 4                                         {product} {ergonomic}
     uint ConcGCThreads                            = 2                                         {product} {ergonomic}
     uint G1ConcRefinementThreads                  = 8                                         {product} {ergonomic}
   size_t G1HeapRegionSize                         = 2097152                                   {product} {ergonomic}
    uintx GCDrainStackTargetSize                   = 64                                        {product} {ergonomic}
   size_t InitialHeapSize                          = 266338304                                 {product} {ergonomic}
     bool ManagementServer                         = true                                      {product} {command line}
   size_t MarkStackSize                            = 4194304                                   {product} {ergonomic}
   size_t MaxHeapSize                              = 4238344192                                {product} {ergonomic}
   size_t MaxNewSize                               = 2541748224                                {product} {ergonomic}
   size_t MinHeapDeltaBytes                        = 2097152                                   {product} {ergonomic}
   size_t MinHeapSize                              = 8388608                                   {product} {ergonomic}
    uintx NonProfiledCodeHeapSize                  = 0                                      {pd product} {ergonomic}
     bool ProfileInterpreter                       = false                                  {pd product} {command line}
    uintx ProfiledCodeHeapSize                     = 0                                      {pd product} {ergonomic}
   size_t SoftMaxHeapSize                          = 4238344192                             {manageable} {ergonomic}
     intx TieredStopAtLevel                        = 1                                         {product} {command line}
     bool UseCompressedClassPointers               = true                           {product lp64_product} {ergonomic}
     bool UseCompressedOops                        = true                           {product lp64_product} {ergonomic}
     bool UseG1GC                                  = true                                      {product} {ergonomic}
     bool UseLargePagesIndividualAllocation        = false                                  {pd product} {ergonomic}

Logging:
Log output configuration:
 #0: stdout all=warning uptime,level,tags
 #1: stderr all=off uptime,level,tags

Environment Variables:
JAVA_HOME=C:\Program Files\Java\jdk1.8.0_144
PATH=bin\;D:\Python\Scripts\;D:\Python\;C:\Windows\system32;C:\Windows;C:\Windows\System32\Wbem;C:\Windows\System32\WindowsPowerShell\v1.0\;C:\Windows\System32\OpenSSH\;C:\Program Files (x86)\NVIDIA Corporation\PhysX\Common;C:\Program Files\NVIDIA Corporation\NVIDIA NvDLISR;C:\WINDOWS\system32;C:\WINDOWS;C:\WINDOWS\System32\Wbem;C:\WINDOWS\System32\WindowsPowerShell\v1.0\;C:\WINDOWS\System32\OpenSSH\;"C:\Users\chenwan\Documents\mysql-8.0.30-winx64\mysql-8.0.30-winx64"\bin;C:\Program Files\TortoiseGit\bin;"C:\Users\chenwan\Documents\mysql-8.0.30-winx64\mysql-8.0.30-winx64";"D:\Tools\apache-tomcat-8.5.85\lib;D:\Tools\apache-tomcat-8.5.85\bin1";D:\APP\bin;C:\Program Files\Java\jdk1.8.0_144\bin;D:\tools\apache-maven-3.8.6-bin;"D:\Tools\apache-tomcat-8.5.85\bin;D:\Tools\apache-tomcat-8.5.85\lib";Redis\;D:\Tools\Nvm\nvm;D:\Tools\NodeJs\node-v16.8.0-win-x64\node-v16.8.0-win-x64;D:\Tools\Nvm\nvm\v16.16.0\node-v16.16.0-win-x64;D:\Tools\Xshell\;C:\Program Files\dotnet\;D:\Tools\Git\bin;D:\Tools\NodeJs\node-v16.8.0-win-x64\node-v16.8.0-win-x64;VSCode\Microsoft VS Code\bin;D:\Tools\Nvm\nvm;D:\Tools\NodeJs\node-v16.8.0-win-x64\node-v16.8.0-win-x64;D:\Tools\VSCode\Microsoft VS Code\bin;C:\Users\chenwan\.dotnet\tools;C:\Users\chenwan\AppData\Roaming\npm
USERNAME=chenwan
OS=Windows_NT
PROCESSOR_IDENTIFIER=Intel64 Family 6 Model 140 Stepping 1, GenuineIntel



---------------  S Y S T E M  ---------------

OS:
 Windows 11 , 64 bit Build 22000 (10.0.22000.2124)
OS uptime: 1 days 7:34 hours

CPU: total 8 (initial active 8) (4 cores per cpu, 2 threads per core) family 6 model 140 stepping 1 microcode 0x86, cx8, cmov, fxsr, ht, mmx, 3dnowpref, sse, sse2, sse3, ssse3, sse4.1, sse4.2, popcnt, lzcnt, tsc, tscinvbit, avx, avx2, aes, erms, clmul, bmi1, bmi2, adx, avx512f, avx512dq, avx512cd, avx512bw, avx512vl, sha, fma, vzeroupper, avx512_vpopcntdq, avx512_vpclmulqdq, avx512_vaes, avx512_vnni, clflush, clflushopt, clwb, avx512_vbmi2, avx512_vbmi

Memory: 4k page, system-wide physical 16167M (1018M free)
TotalPageFile size 26407M (AvailPageFile size 360M)
current process WorkingSet (physical memory assigned to process): 25M, peak: 25M
current process commit charge ("private bytes"): 335M, peak: 335M

vm_info: Java HotSpot(TM) 64-Bit Server VM (17.0.4.1+1-LTS-2) for windows-amd64 JRE (17.0.4.1+1-LTS-2), built on Aug 16 2022 18:32:06 by "mach5one" with MS VC++ 16.8 / 16.9 (VS2019)

END.
